<?xml version="1.0" encoding="UTF-8"?>
<!-- Generated by org.testng.reporters.JUnitReportReporter -->
<testsuite skipped="0" hostname="LAPTOP-FK7QL8FC" name="Diffrent_way_posting.using_file" tests="1" failures="0" timestamp="2022-08-09T13:21:02 IST" time="5.251" errors="0">
  <testcase name="using" time="5.251" classname="Diffrent_way_posting.using_file"/>
  <system-out/>
</testsuite> <!-- Diffrent_way_posting.using_file -->
