<?xml version="1.0" encoding="UTF-8"?>
<!-- Generated by org.testng.reporters.JUnitReportReporter -->
<testsuite skipped="0" hostname="LAPTOP-FK7QL8FC" name="Login_authantication.basic_auth" tests="1" failures="0" timestamp="2022-08-10T14:55:36 IST" time="7.351" errors="0">
  <testcase name="basicPreEmptiveAuth" time="7.351" classname="Login_authantication.basic_auth"/>
  <system-out/>
</testsuite> <!-- Login_authantication.basic_auth -->
