<?xml version="1.0" encoding="UTF-8"?>
<!-- Generated by org.testng.reporters.JUnitReportReporter -->
<testsuite skipped="0" hostname="LAPTOP-FK7QL8FC" name="Serilationanddeserilisiton.seriliationempwithspouse" tests="1" failures="0" timestamp="2022-07-28T18:03:33 IST" time="0.687" errors="0">
  <testcase name="Serlization" time="0.687" classname="Serilationanddeserilisiton.seriliationempwithspouse"/>
  <system-out/>
</testsuite> <!-- Serilationanddeserilisiton.seriliationempwithspouse -->
