<?xml version="1.0" encoding="UTF-8"?>
<!-- Generated by org.testng.reporters.JUnitReportReporter -->
<testsuite skipped="0" hostname="LAPTOP-FK7QL8FC" name="Serilationanddeserilisiton.deserliationemployee" tests="1" failures="0" timestamp="2022-07-28T16:28:27 IST" time="1.709" errors="0">
  <testcase name="deserliationemp" time="1.709" classname="Serilationanddeserilisiton.deserliationemployee"/>
  <system-out/>
</testsuite> <!-- Serilationanddeserilisiton.deserliationemployee -->
