<?xml version="1.0" encoding="UTF-8"?>
<!-- Generated by org.testng.reporters.JUnitReportReporter -->
<testsuite skipped="0" hostname="LAPTOP-FK7QL8FC" name="Basic_uri_opertions.getrequest_test" tests="1" failures="0" timestamp="2022-08-09T12:14:00 IST" time="8.161" errors="0">
  <testcase name="getrequest" time="8.161" classname="Basic_uri_opertions.getrequest_test"/>
  <system-out/>
</testsuite> <!-- Basic_uri_opertions.getrequest_test -->
