<?xml version="1.0" encoding="UTF-8"?>
<!-- Generated by org.testng.reporters.JUnitReportReporter -->
<testsuite skipped="0" hostname="LAPTOP-FK7QL8FC" name="Basic_uri_opertions.Loginauth" tests="1" failures="0" timestamp="2022-08-08T13:15:37 IST" time="6.332" errors="0">
  <testcase name="login" time="6.332" classname="Basic_uri_opertions.Loginauth"/>
  <system-out/>
</testsuite> <!-- Basic_uri_opertions.Loginauth -->
