<?xml version="1.0" encoding="UTF-8"?>
<!-- Generated by org.testng.reporters.JUnitReportReporter -->
<testsuite skipped="0" hostname="LAPTOP-FK7QL8FC" name="Basic_uri_opertions.getemployee" tests="1" failures="0" timestamp="2022-08-08T13:07:13 IST" time="7.198" errors="0">
  <testcase name="getemployess" time="7.198" classname="Basic_uri_opertions.getemployee"/>
  <system-out/>
</testsuite> <!-- Basic_uri_opertions.getemployee -->
