<?xml version="1.0" encoding="UTF-8"?>
<!-- Generated by org.testng.reporters.JUnitReportReporter -->
<testsuite skipped="0" hostname="LAPTOP-FK7QL8FC" name="Basic_uri_opertions.createemployee" tests="1" failures="0" timestamp="2022-08-08T17:23:52 IST" time="7.425" errors="0">
  <testcase name="createemployee" time="7.425" classname="Basic_uri_opertions.createemployee"/>
  <system-out/>
</testsuite> <!-- Basic_uri_opertions.createemployee -->
