<?xml version="1.0" encoding="UTF-8"?>
<!-- Generated by org.testng.reporters.JUnitReportReporter -->
<testsuite skipped="0" hostname="LAPTOP-FK7QL8FC" name="baresr_tokens_test.barer_tokens" tests="1" failures="0" timestamp="2022-08-10T15:27:28 IST" time="9.840" errors="0">
  <testcase name="bearerToken" time="9.840" classname="baresr_tokens_test.barer_tokens"/>
  <system-out/>
</testsuite> <!-- baresr_tokens_test.barer_tokens -->
