<?xml version="1.0" encoding="UTF-8"?>
<!-- Generated by org.testng.reporters.JUnitReportReporter -->
<testsuite skipped="0" hostname="LAPTOP-FK7QL8FC" name="Diffrent_parameters.path_parameters_test" tests="1" failures="0" timestamp="2022-08-10T11:40:15 IST" time="12.539" errors="0">
  <testcase name="getSingleProject" time="12.539" classname="Diffrent_parameters.path_parameters_test"/>
  <system-out/>
</testsuite> <!-- Diffrent_parameters.path_parameters_test -->
