<?xml version="1.0" encoding="UTF-8"?>
<!-- Generated by org.testng.reporters.JUnitReportReporter -->
<testsuite skipped="0" hostname="LAPTOP-FK7QL8FC" name="Basic_uri_opertions.putemployeedetails_test" tests="1" failures="0" timestamp="2022-08-08T12:50:48 IST" time="6.838" errors="0">
  <testcase name="putrequest" time="6.838" classname="Basic_uri_opertions.putemployeedetails_test"/>
  <system-out/>
</testsuite> <!-- Basic_uri_opertions.putemployeedetails_test -->
