<?xml version="1.0" encoding="UTF-8"?>
<!-- Generated by org.testng.reporters.JUnitReportReporter -->
<testsuite skipped="0" hostname="LAPTOP-FK7QL8FC" name="Serilationanddeserilisiton.deserlizationarrayemp" tests="1" failures="0" timestamp="2022-07-28T16:17:24 IST" time="0.823" errors="0">
  <testcase name="Serlization" time="0.823" classname="Serilationanddeserilisiton.deserlizationarrayemp"/>
  <system-out/>
</testsuite> <!-- Serilationanddeserilisiton.deserlizationarrayemp -->
