<?xml version="1.0" encoding="UTF-8"?>
<!-- Generated by org.testng.reporters.JUnitReportReporter -->
<testsuite skipped="0" hostname="LAPTOP-FK7QL8FC" name="Request_chaining.Request_chaining" tests="1" failures="0" timestamp="2022-08-10T12:47:02 IST" time="10.392" errors="0">
  <testcase name="requestChaining1" time="10.392" classname="Request_chaining.Request_chaining"/>
  <system-out/>
</testsuite> <!-- Request_chaining.Request_chaining -->
