<?xml version="1.0" encoding="UTF-8"?>
<!-- Generated by org.testng.reporters.JUnitReportReporter -->
<testsuite skipped="0" hostname="LAPTOP-FK7QL8FC" name="baresr_tokens_test.generate_tokens" tests="1" failures="0" timestamp="2022-08-10T16:09:51 IST" time="11.604" errors="0">
  <testcase name="oauthAuthentication" time="11.604" classname="baresr_tokens_test.generate_tokens"/>
  <system-out/>
</testsuite> <!-- baresr_tokens_test.generate_tokens -->
