<?xml version="1.0" encoding="UTF-8"?>
<!-- Generated by org.testng.reporters.JUnitReportReporter -->
<testsuite skipped="0" hostname="LAPTOP-FK7QL8FC" name="Diffrent_way_posting.craeteproject" tests="1" failures="0" timestamp="2022-08-09T13:11:32 IST" time="6.491" errors="0">
  <testcase name="createProjects" time="6.491" classname="Diffrent_way_posting.craeteproject"/>
  <system-out/>
</testsuite> <!-- Diffrent_way_posting.craeteproject -->
