<?xml version="1.0" encoding="UTF-8"?>
<!-- Generated by org.testng.reporters.JUnitReportReporter -->
<testsuite skipped="0" hostname="LAPTOP-FK7QL8FC" name="Basic_uri_opertions.singleemployees_test" tests="1" failures="0" timestamp="2022-08-08T13:03:17 IST" time="5.318" errors="0">
  <testcase name="getemployess" time="5.318" classname="Basic_uri_opertions.singleemployees_test"/>
  <system-out/>
</testsuite> <!-- Basic_uri_opertions.singleemployees_test -->
