<?xml version="1.0" encoding="UTF-8"?>
<!-- Generated by org.testng.reporters.JUnitReportReporter -->
<testsuite skipped="0" hostname="LAPTOP-FK7QL8FC" name="Basic_uri_opertions.deletedemployee_Test" tests="1" failures="0" timestamp="2022-08-08T13:08:09 IST" time="5.599" errors="0">
  <testcase name="deleteemp" time="5.599" classname="Basic_uri_opertions.deletedemployee_Test"/>
  <system-out/>
</testsuite> <!-- Basic_uri_opertions.deletedemployee_Test -->
