<?xml version="1.0" encoding="UTF-8"?>
<!-- Generated by org.testng.reporters.JUnitReportReporter -->
<testsuite skipped="0" hostname="LAPTOP-FK7QL8FC" name="Serilationanddeserilisiton.Seriliationemployedetails" tests="1" failures="0" timestamp="2022-07-28T16:25:54 IST" time="1.409" errors="0">
  <testcase name="Serlization" time="1.409" classname="Serilationanddeserilisiton.Seriliationemployedetails"/>
  <system-out/>
</testsuite> <!-- Serilationanddeserilisiton.Seriliationemployedetails -->
