<?xml version="1.0" encoding="UTF-8"?>
<!-- Generated by org.testng.reporters.JUnitReportReporter -->
<testsuite skipped="0" hostname="LAPTOP-FK7QL8FC" name="Basic_uri_opertions.get_single_request_test" tests="1" failures="0" timestamp="2022-08-10T12:45:50 IST" time="6.346" errors="0">
  <testcase name="getsinglerequest" time="6.346" classname="Basic_uri_opertions.get_single_request_test"/>
  <system-out/>
</testsuite> <!-- Basic_uri_opertions.get_single_request_test -->
