<?xml version="1.0" encoding="UTF-8"?>
<!-- Generated by org.testng.reporters.JUnitReportReporter -->
<testsuite skipped="0" hostname="LAPTOP-FK7QL8FC" name="Basic_uri_opertions.validation" tests="1" failures="0" timestamp="2022-08-09T18:09:29 IST" time="12.560" errors="0">
  <testcase name="check" time="12.560" classname="Basic_uri_opertions.validation"/>
  <system-out/>
</testsuite> <!-- Basic_uri_opertions.validation -->
